<?xml version="1.0" encoding="UTF-8"?>
<!-- Generated by org.testng.reporters.JUnitReportReporter -->
<testsuite skipped="0" hostname="DESKTOP-SJFLRU4" name="com.shopcart.customers.testcases.AddressesPageTest" tests="1" failures="0" timestamp="27 Aug 2019 08:24:25 GMT" time="31.810" errors="0">
  <testcase name="getaddresspagetitleTest" time="31.810" classname="com.shopcart.customers.testcases.AddressesPageTest"/>
</testsuite> <!-- com.shopcart.customers.testcases.AddressesPageTest -->
