<?xml version="1.0" encoding="UTF-8"?>
<!-- Generated by org.testng.reporters.JUnitReportReporter -->
<testsuite skipped="0" hostname="DESKTOP-SJFLRU4" name="com.shopcart.dashboard.testcases.DashboardPageTest" tests="2" failures="0" timestamp="27 Aug 2019 08:24:25 GMT" time="50.986" errors="0">
  <testcase name="connectToPrestashopButton" time="22.085" classname="com.shopcart.dashboard.testcases.DashboardPageTest"/>
  <testcase name="dashboardPageTitleandLabelTest" time="28.901" classname="com.shopcart.dashboard.testcases.DashboardPageTest"/>
</testsuite> <!-- com.shopcart.dashboard.testcases.DashboardPageTest -->
