<?xml version="1.0" encoding="UTF-8"?>
<!-- Generated by org.testng.reporters.JUnitReportReporter -->
<testsuite skipped="0" hostname="DESKTOP-SJFLRU4" name="com.shopcart.login.testcses.LoginPageTest" tests="1" failures="0" timestamp="03 Sep 2019 10:20:28 GMT" time="60.663" errors="0">
  <testcase name="loginTest" time="60.663" classname="com.shopcart.login.testcses.LoginPageTest"/>
</testsuite> <!-- com.shopcart.login.testcses.LoginPageTest -->
