<?xml version="1.0" encoding="UTF-8"?>
<!-- Generated by org.testng.reporters.JUnitReportReporter -->
<testsuite skipped="0" hostname="DESKTOP-SJFLRU4" name="com.shopcart.catlog.testcases.CategoriesPageTest" tests="1" failures="0" timestamp="27 Aug 2019 10:38:07 GMT" time="50.276" errors="0">
  <testcase name="editCategoryTest" time="50.276" classname="com.shopcart.catlog.testcases.CategoriesPageTest"/>
</testsuite> <!-- com.shopcart.catlog.testcases.CategoriesPageTest -->
