<?xml version="1.0" encoding="UTF-8"?>
<!-- Generated by org.testng.reporters.JUnitReportReporter -->
<testsuite skipped="0" hostname="DESKTOP-SJFLRU4" name="com.shopcart.customers.testcases.AddressesPageTest" tests="1" failures="0" timestamp="03 Sep 2019 10:20:28 GMT" time="27.839" errors="0">
  <testcase name="getaddresspagetitleTest" time="27.839" classname="com.shopcart.customers.testcases.AddressesPageTest"/>
</testsuite> <!-- com.shopcart.customers.testcases.AddressesPageTest -->
